[debug] [2021-03-30T07:01:56.323Z] ----------------------------------------------------------------------
[debug] [2021-03-30T07:01:56.328Z] Command:       C:\Program Files\nodejs\node.exe C:\Users\wmfdl\AppData\Roaming\npm\node_modules\firebase-tools\lib\bin\firebase.js init
[debug] [2021-03-30T07:01:56.329Z] CLI Version:   9.8.0
[debug] [2021-03-30T07:01:56.329Z] Platform:      win32
[debug] [2021-03-30T07:01:56.330Z] Node Version:  v15.12.0
[debug] [2021-03-30T07:01:56.336Z] Time:          Tue Mar 30 2021 16:01:56 GMT+0900 (대한민국 표준시)
[debug] [2021-03-30T07:01:56.337Z] ----------------------------------------------------------------------
[debug] 
[debug] [2021-03-30T07:01:56.344Z] >>> [apiv2][query] GET https://firebase-public.firebaseio.com/cli.json [none]
[debug] [2021-03-30T07:01:56.390Z] > command requires scopes: ["email","openid","https://www.googleapis.com/auth/cloudplatformprojects.readonly","https://www.googleapis.com/auth/firebase","https://www.googleapis.com/auth/cloud-platform"]
[debug] [2021-03-30T07:01:56.392Z] > authorizing via signed-in user
[info] 
     ######## #### ########  ######## ########     ###     ######  ########
     ##        ##  ##     ## ##       ##     ##  ##   ##  ##       ##
     ######    ##  ########  ######   ########  #########  ######  ######
     ##        ##  ##    ##  ##       ##     ## ##     ##       ## ##
     ##       #### ##     ## ######## ########  ##     ##  ######  ########

You're about to initialize a Firebase project in this directory:

  D:\leehyerin\leehyerin_wed\06.parallax

[debug] [2021-03-30T07:01:57.039Z] <<< [apiv2][status] GET https://firebase-public.firebaseio.com/cli.json 200
[debug] [2021-03-30T07:01:57.040Z] <<< [apiv2][body] GET https://firebase-public.firebaseio.com/cli.json {"cloudBuildErrorAfter":1594252800000,"cloudBuildWarnAfter":1590019200000,"defaultNode10After":1594252800000,"minVersion":"3.0.5","node8DeploysDisabledAfter":1613390400000,"node8RuntimeDisabledAfter":1615809600000,"node8WarnAfter":1600128000000}
